app/build/intermediates/manifest_merge_blame_file/release/manifest-merger-blame-release-report.txt
1<?xml version="1.0" encoding="utf-8"?>
2<manifest xmlns:android="http://schemas.android.com/apk/res/android"
3    package="com.example.trialapp"
4    android:versionCode="1"
5    android:versionName="1.0" >
6
7    <uses-sdk
8        android:minSdkVersion="16"
8-->src/main/AndroidManifest.xml
9        android:targetSdkVersion="29" />
9-->src/main/AndroidManifest.xml
10
11    <application
11-->src/main/AndroidManifest.xml:5:5-21:19
12        android:allowBackup="true"
12-->src/main/AndroidManifest.xml:6:9-35
13        android:appComponentFactory="androidx.core.app.CoreComponentFactory"
13-->[androidx.core:core:1.2.0] AndroidManifest.xml:24:18-86
14        android:icon="@mipmap/ic_launcher"
14-->src/main/AndroidManifest.xml:7:9-43
15        android:label="@string/app_name"
15-->src/main/AndroidManifest.xml:8:9-41
16        android:roundIcon="@mipmap/ic_launcher_round"
16-->src/main/AndroidManifest.xml:9:9-54
17        android:supportsRtl="true"
17-->src/main/AndroidManifest.xml:10:9-35
18        android:theme="@style/AppTheme" >
18-->src/main/AndroidManifest.xml:11:9-40
19        <activity android:name="com.example.trialapp.SignUpActivity" />
19-->src/main/AndroidManifest.xml:12:9-61
19-->src/main/AndroidManifest.xml:12:19-49
20        <activity android:name="com.example.trialapp.LandingScreen" />
20-->src/main/AndroidManifest.xml:13:9-60
20-->src/main/AndroidManifest.xml:13:19-48
21        <activity android:name="com.example.trialapp.MainActivity" >
21-->src/main/AndroidManifest.xml:14:9-20:20
21-->src/main/AndroidManifest.xml:14:19-47
22            <intent-filter>
22-->src/main/AndroidManifest.xml:15:13-19:29
23                <action android:name="android.intent.action.MAIN" />
23-->src/main/AndroidManifest.xml:16:17-69
23-->src/main/AndroidManifest.xml:16:25-66
24
25                <category android:name="android.intent.category.LAUNCHER" />
25-->src/main/AndroidManifest.xml:18:17-77
25-->src/main/AndroidManifest.xml:18:27-74
26            </intent-filter>
27        </activity>
28        <activity
28-->[com.google.firebase:firebase-auth:16.0.5] AndroidManifest.xml:24:9-31:50
29            android:name="com.google.firebase.auth.internal.FederatedSignInActivity"
29-->[com.google.firebase:firebase-auth:16.0.5] AndroidManifest.xml:25:13-85
30            android:excludeFromRecents="true"
30-->[com.google.firebase:firebase-auth:16.0.5] AndroidManifest.xml:26:13-46
31            android:exported="true"
31-->[com.google.firebase:firebase-auth:16.0.5] AndroidManifest.xml:27:13-36
32            android:launchMode="singleTask"
32-->[com.google.firebase:firebase-auth:16.0.5] AndroidManifest.xml:28:13-44
33            android:permission="com.google.firebase.auth.api.gms.permission.LAUNCH_FEDERATED_SIGN_IN"
33-->[com.google.firebase:firebase-auth:16.0.5] AndroidManifest.xml:29:13-102
34            android:theme="@android:style/Theme.Translucent.NoTitleBar" />
34-->[com.google.firebase:firebase-auth:16.0.5] AndroidManifest.xml:30:13-72
35
36        <service
36-->[com.google.firebase:firebase-auth:16.0.5] AndroidManifest.xml:33:9-39:19
37            android:name="com.google.firebase.components.ComponentDiscoveryService"
37-->[com.google.firebase:firebase-auth:16.0.5] AndroidManifest.xml:34:13-84
38            android:exported="false" >
38-->[com.google.firebase:firebase-auth:16.0.5] AndroidManifest.xml:35:13-37
39            <meta-data
39-->[com.google.firebase:firebase-auth:16.0.5] AndroidManifest.xml:36:13-38:85
40                android:name="com.google.firebase.components:com.google.firebase.auth.FirebaseAuthRegistrar"
40-->[com.google.firebase:firebase-auth:16.0.5] AndroidManifest.xml:37:17-109
41                android:value="com.google.firebase.components.ComponentRegistrar" />
41-->[com.google.firebase:firebase-auth:16.0.5] AndroidManifest.xml:38:17-82
42        </service>
43
44        <activity
44-->[com.google.android.gms:play-services-base:16.0.1] AndroidManifest.xml:23:9-26:75
45            android:name="com.google.android.gms.common.api.GoogleApiActivity"
45-->[com.google.android.gms:play-services-base:16.0.1] AndroidManifest.xml:24:13-79
46            android:exported="false"
46-->[com.google.android.gms:play-services-base:16.0.1] AndroidManifest.xml:25:13-37
47            android:theme="@android:style/Theme.Translucent.NoTitleBar" />
47-->[com.google.android.gms:play-services-base:16.0.1] AndroidManifest.xml:26:13-72
48
49        <provider
49-->[com.google.firebase:firebase-common:16.0.3] AndroidManifest.xml:10:9-14:39
50            android:name="com.google.firebase.provider.FirebaseInitProvider"
50-->[com.google.firebase:firebase-common:16.0.3] AndroidManifest.xml:11:13-77
51            android:authorities="com.example.trialapp.firebaseinitprovider"
51-->[com.google.firebase:firebase-common:16.0.3] AndroidManifest.xml:12:13-72
52            android:exported="false"
52-->[com.google.firebase:firebase-common:16.0.3] AndroidManifest.xml:13:13-37
53            android:initOrder="100" />
53-->[com.google.firebase:firebase-common:16.0.3] AndroidManifest.xml:14:13-36
54
55        <meta-data
55-->[com.google.android.gms:play-services-basement:16.1.0] AndroidManifest.xml:23:9-25:69
56            android:name="com.google.android.gms.version"
56-->[com.google.android.gms:play-services-basement:16.1.0] AndroidManifest.xml:24:13-58
57            android:value="@integer/google_play_services_version" />
57-->[com.google.android.gms:play-services-basement:16.1.0] AndroidManifest.xml:25:13-66
58    </application>
59
60</manifest>